\BOOKMARK [1][-]{section.1}{\376\377\000I\000n\000n\000l\000e\000d\000n\000i\000n\000g}{}% 1
\BOOKMARK [1][-]{section.2}{\376\377\000T\000e\000o\000r\000i}{}% 2
\BOOKMARK [2][-]{subsection.2.1}{\376\377\000F\000o\000u\000r\000i\000e\000r\000-\000t\000r\000a\000n\000s\000f\000o\000r\000m\000a\000s\000j\000o\000n\000e\000n}{section.2}% 3
\BOOKMARK [2][-]{subsection.2.2}{\376\377\000D\000i\000s\000k\000r\000e\000t\000\040\000F\000o\000u\000r\000i\000e\000r\000\040\000T\000r\000a\000n\000s\000f\000o\000r\000m\000\040\000\050\000D\000F\000T\000\051}{section.2}% 4
\BOOKMARK [2][-]{subsection.2.3}{\376\377\000F\000a\000s\000t\000\040\000F\000o\000u\000r\000i\000e\000r\000\040\000T\000r\000a\000n\000s\000f\000o\000r\000m\000\040\000\050\000F\000F\000T\000\051}{section.2}% 5
\BOOKMARK [2][-]{subsection.2.4}{\376\377\000S\000h\000o\000r\000t\000-\000T\000i\000m\000e\000\040\000F\000o\000u\000r\000i\000e\000r\000\040\000T\000r\000a\000n\000s\000f\000o\000r\000m\000\040\000\050\000S\000T\000F\000T\000\051}{section.2}% 6
\BOOKMARK [3][-]{subsubsection.2.4.1}{\376\377\000R\000a\000m\000m\000e\000l\000e\000n\000g\000d\000e}{subsection.2.4}% 7
\BOOKMARK [3][-]{subsubsection.2.4.2}{\376\377\000H\000o\000p\000-\000s\000t\000\370\000r\000r\000e\000l\000s\000e}{subsection.2.4}% 8
\BOOKMARK [2][-]{subsection.2.5}{\376\377\000V\000i\000n\000d\000u\000s\000f\000u\000n\000k\000s\000j\000o\000n\000e\000r\000\040\000\050\000W\000i\000n\000d\000o\000w\000i\000n\000g\000\051}{section.2}% 9
\BOOKMARK [3][-]{subsubsection.2.5.1}{\376\377\000H\000a\000n\000n\000i\000n\000g\000-\000v\000i\000n\000d\000u\000e\000t}{subsection.2.5}% 10
\BOOKMARK [3][-]{subsubsection.2.5.2}{\376\377\000P\000a\000r\000a\000b\000o\000l\000s\000k\000\040\000t\000o\000p\000p\000i\000n\000t\000e\000r\000p\000o\000l\000a\000s\000j\000o\000n\000\040\000\050\000Q\000u\000a\000d\000r\000a\000t\000i\000c\000\040\000i\000n\000t\000e\000r\000p\000o\000l\000a\000t\000i\000o\000n\000\051}{subsection.2.5}% 11
\BOOKMARK [2][-]{subsection.2.6}{\376\377\000R\000o\000o\000t\000\040\000M\000e\000a\000n\000\040\000S\000q\000u\000a\000r\000e\000\040\000\050\000R\000M\000S\000\051}{section.2}% 12
\BOOKMARK [1][-]{section.3}{\376\377\000M\000e\000t\000o\000d\000e}{}% 13
\BOOKMARK [2][-]{subsection.3.1}{\376\377\000O\000p\000p\000b\000y\000g\000g\000i\000n\000g\000\040\000a\000v\000\040\000k\000o\000d\000e\000n}{section.3}% 14
\BOOKMARK [2][-]{subsection.3.2}{\376\377\000I\000n\000i\000t\000i\000a\000l\000v\000e\000r\000d\000i\000e\000r}{section.3}% 15
\BOOKMARK [2][-]{subsection.3.3}{\376\377\000S\000a\000n\000n\000t\000i\000d\000s\000\040\000i\000n\000n\000h\000e\000n\000t\000i\000n\000g\000\040\000a\000v\000\040\000l\000y\000d}{section.3}% 16
\BOOKMARK [2][-]{subsection.3.4}{\376\377\000F\000o\000u\000r\000i\000e\000r\000-\000a\000n\000a\000l\000y\000s\000e\000\040\000a\000v\000\040\000l\000y\000d\000s\000i\000g\000n\000a\000l\000e\000t}{section.3}% 17
\BOOKMARK [2][-]{subsection.3.5}{\376\377\000S\000t\000\370\000y\000g\000a\000t\000i\000n\000g\000\040\000o\000g\000\040\000g\000l\000a\000t\000t\000i\000n\000g}{section.3}% 18
\BOOKMARK [2][-]{subsection.3.6}{\376\377\000B\000e\000r\000e\000g\000n\000i\000n\000g\000\040\000a\000v\000\040\000t\000o\000n\000e\000\040\000o\000g\000\040\000n\000o\000t\000e}{section.3}% 19
\BOOKMARK [1][-]{section.4}{\376\377\000S\000i\000g\000n\000a\000l\000a\000n\000a\000l\000y\000s\000e\000\040\000m\000e\000d\000\040\000P\000y\000t\000h\000o\000n}{}% 20
\BOOKMARK [2][-]{subsection.4.1}{\376\377\000P\000i\000t\000c\000h\000\040\000P\000e\000r\000f\000e\000c\000t}{section.4}% 21
\BOOKMARK [2][-]{subsection.4.2}{\376\377\000R\000e\000s\000u\000l\000t\000a\000t\000e\000r}{section.4}% 22
\BOOKMARK [1][-]{section.5}{\376\377\000D\000i\000s\000k\000u\000s\000j\000o\000n}{}% 23
\BOOKMARK [1][-]{section.6}{\376\377\000F\000e\000i\000l\000k\000i\000l\000d\000e\000r}{}% 24
\BOOKMARK [1][-]{section.7}{\376\377\000K\000o\000n\000k\000l\000u\000s\000j\000o\000n}{}% 25
\BOOKMARK [1][-]{section.7}{\376\377\000R\000e\000f\000e\000r\000a\000n\000s\000e\000r}{}% 26
\BOOKMARK [1][-]{section.7}{\376\377\000V\000e\000d\000l\000e\000g\000g}{}% 27
